


ARM Macro Assembler    Page 1 


    1 00000000         ;2. Implement a 16-bit addition. Assume data is present 
                       in code memory. 
    2 00000000         
    3 00000000                 AREA             RESET, CODE, READONLY
    4 00000000                 ENTRY
    5 00000000         Main
    6 00000000 E59F0018        LDR              R0, =NUM    ; Load the address 
                                                            of the value
    7 00000004 E1D010B0        LDRH             R1, [R0]    ; Load the lower 16
                                                             bits of the 32 bit
                                                             number into R1
    8 00000008 E1D020B2        LDRH             R2, [R0,#2] ; Load the higher 1
                                                            6 bits of the 32 bi
                                                            t number into R2
    9 0000000C E0813002        ADD              R3, R1, R2  ; Add the contents 
                                                            of R1 and R2 and st
                                                            ore it in R3
   10 00000010 E3A04101        LDR              R4, =0x40000000 ; Load the addr
                                                            ess where the resul
                                                            t has to be stored 
                                                            i.e 0x40000000
   11 00000014 E1C430B0        STRH             R3, [R4]    ; Store the result 
                                                            (contents of R3) in
                                                             R4 
   12 00000018 EF000011        SWI              &11         ; All done
   13 0000001C         
   14 0000001C 12345678 
                       NUM     DCD              0x12345678
   15 00000020         
   16 00000020                 END
              00000000 
Command Line: --debug --xref --diag_suppress=9931 --apcs=interwork --depend=.\o
bjects\add_16_bit.d -o.\objects\add_16_bit.o -IC:\Keil_v5\ARM\RV31\INC -IC:\Kei
l_v5\ARM\CMSIS\Include --predefine="__EVAL SETA 1" --predefine="__UVISION_VERSI
ON SETA 529" --list=.\listings\add_16_bit.lst add_16_bit.s



ARM Macro Assembler    Page 1 Alphabetic symbol ordering
Relocatable symbols

Main 00000000

Symbol: Main
   Definitions
      At line 5 in file add_16_bit.s
   Uses
      None
Comment: Main unused
NUM 0000001C

Symbol: NUM
   Definitions
      At line 14 in file add_16_bit.s
   Uses
      At line 6 in file add_16_bit.s
Comment: NUM used once
RESET 00000000

Symbol: RESET
   Definitions
      At line 3 in file add_16_bit.s
   Uses
      None
Comment: RESET unused
3 symbols
337 symbols in table
